<?xml version="1.0" encoding="UTF-8"?>
<!-- Generated by org.testng.reporters.JUnitXMLReporter -->
<testsuite hostname="CO-IT00444" ignored="2" name="Command line test" tests="16" failures="0" timestamp="06 dic 2017 20:42:31 GMT" time="0.022" errors="0">
  <testcase name="@BeforeSuite beforeSuite" time="0.0" classname="com.training.automation.tests.BaseTest">
    <failure type="org.testng.TestNGException" message="
Parameter &amp;apos;browser&amp;apos; is required by BeforeSuite on method beforeSuite but has not been marked @Optional or defined
">
      <![CDATA[org.testng.TestNGException: 
Parameter 'browser' is required by BeforeSuite on method beforeSuite but has not been marked @Optional or defined

... Removed 26 stack frames]]>
    </failure>
  </testcase> <!-- @BeforeSuite beforeSuite -->
  <testcase name="exercise_1_1" time="0.0" classname="com.training.automation.tests.TravelocityHomeTest">
    <skipped/>
  </testcase> <!-- exercise_1_1 -->
  <testcase name="exersice_1_2_a" time="0.0" classname="com.training.automation.tests.TravelocityHomeTest">
    <skipped/>
  </testcase> <!-- exersice_1_2_a -->
  <testcase name="exersice_1_2_a" time="0.0" classname="com.training.automation.tests.TravelocityHomeTest">
    <skipped/>
  </testcase> <!-- exersice_1_2_a -->
  <testcase name="exersice_1_2_a" time="0.0" classname="com.training.automation.tests.TravelocityHomeTest">
    <skipped/>
  </testcase> <!-- exersice_1_2_a -->
  <testcase name="exersice_1_2_a" time="0.0" classname="com.training.automation.tests.TravelocityHomeTest">
    <skipped/>
  </testcase> <!-- exersice_1_2_a -->
  <testcase name="exersice_1_2_a" time="0.0" classname="com.training.automation.tests.TravelocityHomeTest">
    <skipped/>
  </testcase> <!-- exersice_1_2_a -->
  <testcase name="exersice_1_2_a" time="0.0" classname="com.training.automation.tests.TravelocityHomeTest">
    <skipped/>
  </testcase> <!-- exersice_1_2_a -->
  <testcase name="exersice_1_2_a" time="0.0" classname="com.training.automation.tests.TravelocityHomeTest">
    <skipped/>
  </testcase> <!-- exersice_1_2_a -->
  <testcase name="exersice_1_2_a" time="0.0" classname="com.training.automation.tests.TravelocityHomeTest">
    <skipped/>
  </testcase> <!-- exersice_1_2_a -->
  <testcase name="exersice_1_2_bcd" time="0.0" classname="com.training.automation.tests.TravelocityHomeTest">
    <skipped/>
  </testcase> <!-- exersice_1_2_bcd -->
  <testcase name="exercise_1_3" time="0.0" classname="com.training.automation.tests.TravelocityHomeTest">
    <skipped/>
  </testcase> <!-- exercise_1_3 -->
  <testcase name="exersice_1_3_a" time="0.0" classname="com.training.automation.tests.TravelocityHomeTest">
    <skipped/>
  </testcase> <!-- exersice_1_3_a -->
  <testcase name="exersice_1_4" time="0.0" classname="com.training.automation.tests.TravelocityHomeTest">
    <skipped/>
  </testcase> <!-- exersice_1_4 -->
  <testcase name="exersice_1_5" time="0.0" classname="com.training.automation.tests.TravelocityHomeTest">
    <skipped/>
  </testcase> <!-- exersice_1_5 -->
  <testcase name="exercise_1_67" time="0.0" classname="com.training.automation.tests.TravelocityHomeTest">
    <skipped/>
  </testcase> <!-- exercise_1_67 -->
  <testcase name="exersice_1_8" time="0.0" classname="com.training.automation.tests.TravelocityHomeTest">
    <skipped/>
  </testcase> <!-- exersice_1_8 -->
  <testcase name="@BeforeSuite beforeSuite" time="0.0" classname="com.training.automation.tests.BaseTest">
    <ignored/>
  </testcase> <!-- @BeforeSuite beforeSuite -->
  <testcase name="@AfterSuite afterSuite" time="0.0" classname="com.training.automation.tests.BaseTest">
    <ignored/>
  </testcase> <!-- @AfterSuite afterSuite -->
</testsuite> <!-- Command line test -->
